[handleMsg]:  {
  key: {
    remoteJid: '51992378833@s.whatsapp.net',
    fromMe: false,
    id: '3EB0BE1530047D22F01E68',
    participant: undefined
  },
  messageTimestamp: 1693608722,
  pushName: 'Hector Fernández Lindo',
  broadcast: false,
  messageStubType: 2,
  messageStubParameters: [ 'No matching sessions found for message' ],
  body: undefined,
  from: '51992378833'
}
[handleMsg]:  {
  key: {
    remoteJid: '51992378833@s.whatsapp.net',
    fromMe: false,
    id: '3EB0BE1530047D22F01E68',
    participant: undefined
  },
  messageTimestamp: 1693608722,
  pushName: 'Hector Fernández Lindo',
  broadcast: false,
  message: Message {
    extendedTextMessage: ExtendedTextMessage {
      text: 'hola',
      contextInfo: [ContextInfo],
      inviteLinkGroupTypeV2: 0
    },
    messageContextInfo: MessageContextInfo {
      deviceListMetadata: [DeviceListMetadata],
      deviceListMetadataVersion: 2
    }
  },
  body: 'hola',
  from: '51992378833'
}
